<?xml version="1.0" encoding="UTF-8"?>
<!-- Generated by org.testng.reporters.JUnitReportReporter -->
<testsuite hostname="SVL" failures="0" tests="1" name="demo.jenkins.MavenJenkins.AppTest" time="23.773" errors="0" timestamp="2023-06-07T16:11:46 IST" skipped="0">
  <testcase classname="demo.jenkins.MavenJenkins.AppTest" name="mavenjenkins" time="23.773"/>
  <system-out/>
</testsuite> <!-- demo.jenkins.MavenJenkins.AppTest -->
