<?xml version="1.0" encoding="UTF-8"?>
<!-- Generated by org.testng.reporters.JUnitReportReporter -->
<testsuite hostname="SVL" failures="0" tests="1" name="demo.jenkins.MavenJenkins.AppTest" time="20.840" errors="0" timestamp="2023-06-07T17:09:47 IST" skipped="0">
  <testcase classname="demo.jenkins.MavenJenkins.AppTest" name="mavenjenkins" time="20.840"/>
  <system-out/>
</testsuite> <!-- demo.jenkins.MavenJenkins.AppTest -->
